<?xml version="1.0" encoding="UTF-8"?>
<!-- Generated by org.testng.reporters.JUnitXMLReporter -->
<testsuite hostname="DESKTOP-D6BEUQT" ignored="20" name="Test" tests="6" failures="0" timestamp="2022-07-11T00:35:11 IST" time="181.365" errors="0">
  <testcase name="@AfterMethod logoutapplication" time="20.52" classname="com.crm.comcast.GenericUtilities.Baseclass">
    <failure type="org.openqa.selenium.TimeoutException" message="Expected condition failed: waiting for visibility of Proxy element for: DefaultElementLocator &amp;apos;By.linkText: Sign Out&amp;apos; (tried for 10 second(s) with 500 milliseconds interval)">
      <![CDATA[org.openqa.selenium.TimeoutException: Expected condition failed: waiting for visibility of Proxy element for: DefaultElementLocator 'By.linkText: Sign Out' (tried for 10 second(s) with 500 milliseconds interval)
at org.openqa.selenium.support.ui.WebDriverWait.timeoutException(WebDriverWait.java:95)
at org.openqa.selenium.support.ui.FluentWait.until(FluentWait.java:272)
at com.crm.comcast.GenericUtilities.Webdriver_Utilities.expliEle(Webdriver_Utilities.java:129)
at com.crm.comcast.pomrepositoryutility.HomePage.logout(HomePage.java:129)
at com.crm.comcast.GenericUtilities.Baseclass.logoutapplication(Baseclass.java:94)
at java.util.ArrayList.forEach(ArrayList.java:1257)
Caused by: org.openqa.selenium.NoSuchElementException: no such element: Unable to locate element: {"method":"link text","selector":"Sign Out"}
  (Session info: chrome=103.0.5060.114)
For documentation on this error, please visit: https://www.seleniumhq.org/exceptions/no_such_element.html
Build info: version: '3.141.59', revision: 'e82be7d358', time: '2018-11-14T08:25:53'
System info: host: 'DESKTOP-D6BEUQT', ip: '192.168.138.3', os.name: 'Windows 10', os.arch: 'amd64', os.version: '10.0', java.version: '1.8.0_202'
Driver info: org.openqa.selenium.chrome.ChromeDriver
Capabilities {acceptInsecureCerts: false, browserName: chrome, browserVersion: 103.0.5060.114, chrome: {chromedriverVersion: 103.0.5060.53 (a1711811edd7..., userDataDir: C:\Users\DELL\AppData\Local...}, goog:chromeOptions: {debuggerAddress: localhost:52092}, javascriptEnabled: true, networkConnectionEnabled: false, pageLoadStrategy: normal, platform: WINDOWS, platformName: WINDOWS, proxy: Proxy(), setWindowRect: true, strictFileInteractability: false, timeouts: {implicit: 0, pageLoad: 300000, script: 30000}, unhandledPromptBehavior: dismiss and notify, webauthn:extension:credBlob: true, webauthn:extension:largeBlob: true, webauthn:virtualAuthenticators: true}
Session ID: fcb1f98bbdf79557efb2c2a6b0033ceb
*** Element info: {Using=link text, value=Sign Out}
at org.openqa.selenium.remote.http.W3CHttpResponseCodec.createException(W3CHttpResponseCodec.java:187)
at org.openqa.selenium.remote.http.W3CHttpResponseCodec.decode(W3CHttpResponseCodec.java:122)
at org.openqa.selenium.remote.http.W3CHttpResponseCodec.decode(W3CHttpResponseCodec.java:49)
at org.openqa.selenium.remote.HttpCommandExecutor.execute(HttpCommandExecutor.java:158)
at org.openqa.selenium.remote.service.DriverCommandExecutor.execute(DriverCommandExecutor.java:83)
at org.openqa.selenium.remote.RemoteWebDriver.execute(RemoteWebDriver.java:552)
at org.openqa.selenium.remote.RemoteWebDriver.findElement(RemoteWebDriver.java:323)
at org.openqa.selenium.remote.RemoteWebDriver.findElementByLinkText(RemoteWebDriver.java:380)
at org.openqa.selenium.By$ByLinkText.findElement(By.java:220)
at org.openqa.selenium.remote.RemoteWebDriver.findElement(RemoteWebDriver.java:315)
at org.openqa.selenium.support.pagefactory.DefaultElementLocator.findElement(DefaultElementLocator.java:69)
at org.openqa.selenium.support.pagefactory.internal.LocatingElementHandler.invoke(LocatingElementHandler.java:38)
at com.sun.proxy.$Proxy16.isDisplayed(Unknown Source)
at org.openqa.selenium.support.ui.ExpectedConditions.elementIfVisible(ExpectedConditions.java:314)
at org.openqa.selenium.support.ui.ExpectedConditions.access$000(ExpectedConditions.java:43)
at org.openqa.selenium.support.ui.ExpectedConditions$10.apply(ExpectedConditions.java:300)
at org.openqa.selenium.support.ui.ExpectedConditions$10.apply(ExpectedConditions.java:297)
at org.openqa.selenium.support.ui.FluentWait.until(FluentWait.java:249)
... 36 more
... Removed 36 stack frames]]>
    </failure>
  </testcase> <!-- @AfterMethod logoutapplication -->
  <testcase name="@AfterClass closebrowser" time="-1.657479886848E9" classname="com.crm.comcast.GenericUtilities.Baseclass">
    <skipped/>
  </testcase> <!-- @AfterClass closebrowser -->
  <testcase name="savu" time="12.428" classname="com.crm.comcast.contactTest.CreateContactNoMandate"/>
  <testcase name="deletit" time="17.62" classname="com.crm.comcast.contactTest.DeletContactTest"/>
  <testcase name="createorg" time="18.89" classname="com.crm.comcast.organizationTest.CreateOrganizationTest"/>
  <testcase name="campwpro" time="14.743" classname="com.crm.comcast.campaignTest.CreateCampaignWithProductTest"/>
  <testcase name="createcamp" time="11.326" classname="com.crm.comcast.campaignTest.CreateCampaignTest"/>
  <testcase name="doit" time="12.451" classname="com.crm.comcast.contactTest.CreateContactTest"/>
  <testcase name="@BeforeTest executiontype" time="0.0" classname="com.crm.comcast.GenericUtilities.Baseclass">
    <ignored/>
  </testcase> <!-- @BeforeTest executiontype -->
  <testcase name="@BeforeTest executiontype" time="0.0" classname="com.crm.comcast.GenericUtilities.Baseclass">
    <ignored/>
  </testcase> <!-- @BeforeTest executiontype -->
  <testcase name="@BeforeTest executiontype" time="0.0" classname="com.crm.comcast.GenericUtilities.Baseclass">
    <ignored/>
  </testcase> <!-- @BeforeTest executiontype -->
  <testcase name="@BeforeTest executiontype" time="0.0" classname="com.crm.comcast.GenericUtilities.Baseclass">
    <ignored/>
  </testcase> <!-- @BeforeTest executiontype -->
  <testcase name="@BeforeTest executiontype" time="0.0" classname="com.crm.comcast.GenericUtilities.Baseclass">
    <ignored/>
  </testcase> <!-- @BeforeTest executiontype -->
  <testcase name="@BeforeSuite databaseconnection" time="0.0" classname="com.crm.comcast.GenericUtilities.Baseclass">
    <ignored/>
  </testcase> <!-- @BeforeSuite databaseconnection -->
  <testcase name="@BeforeSuite databaseconnection" time="0.0" classname="com.crm.comcast.GenericUtilities.Baseclass">
    <ignored/>
  </testcase> <!-- @BeforeSuite databaseconnection -->
  <testcase name="@BeforeSuite databaseconnection" time="0.0" classname="com.crm.comcast.GenericUtilities.Baseclass">
    <ignored/>
  </testcase> <!-- @BeforeSuite databaseconnection -->
  <testcase name="@BeforeSuite databaseconnection" time="0.0" classname="com.crm.comcast.GenericUtilities.Baseclass">
    <ignored/>
  </testcase> <!-- @BeforeSuite databaseconnection -->
  <testcase name="@BeforeSuite databaseconnection" time="0.0" classname="com.crm.comcast.GenericUtilities.Baseclass">
    <ignored/>
  </testcase> <!-- @BeforeSuite databaseconnection -->
  <testcase name="@AfterTest executioncompleted" time="0.0" classname="com.crm.comcast.GenericUtilities.Baseclass">
    <ignored/>
  </testcase> <!-- @AfterTest executioncompleted -->
  <testcase name="@AfterTest executioncompleted" time="0.0" classname="com.crm.comcast.GenericUtilities.Baseclass">
    <ignored/>
  </testcase> <!-- @AfterTest executioncompleted -->
  <testcase name="@AfterTest executioncompleted" time="0.0" classname="com.crm.comcast.GenericUtilities.Baseclass">
    <ignored/>
  </testcase> <!-- @AfterTest executioncompleted -->
  <testcase name="@AfterTest executioncompleted" time="0.0" classname="com.crm.comcast.GenericUtilities.Baseclass">
    <ignored/>
  </testcase> <!-- @AfterTest executioncompleted -->
  <testcase name="@AfterTest executioncompleted" time="0.0" classname="com.crm.comcast.GenericUtilities.Baseclass">
    <ignored/>
  </testcase> <!-- @AfterTest executioncompleted -->
  <testcase name="@AfterSuite closedatabase" time="0.0" classname="com.crm.comcast.GenericUtilities.Baseclass">
    <ignored/>
  </testcase> <!-- @AfterSuite closedatabase -->
  <testcase name="@AfterSuite closedatabase" time="0.0" classname="com.crm.comcast.GenericUtilities.Baseclass">
    <ignored/>
  </testcase> <!-- @AfterSuite closedatabase -->
  <testcase name="@AfterSuite closedatabase" time="0.0" classname="com.crm.comcast.GenericUtilities.Baseclass">
    <ignored/>
  </testcase> <!-- @AfterSuite closedatabase -->
  <testcase name="@AfterSuite closedatabase" time="0.0" classname="com.crm.comcast.GenericUtilities.Baseclass">
    <ignored/>
  </testcase> <!-- @AfterSuite closedatabase -->
  <testcase name="@AfterSuite closedatabase" time="0.0" classname="com.crm.comcast.GenericUtilities.Baseclass">
    <ignored/>
  </testcase> <!-- @AfterSuite closedatabase -->
</testsuite> <!-- Test -->
