<?xml version="1.0" encoding="UTF-8"?>
<testng-results ignored="0" total="1" passed="0" failed="1" skipped="0">
  <reporter-output>
  </reporter-output>
  <suite started-at="2022-06-14T17:17:17 IST" name="Suite" finished-at="2022-06-14T17:17:57 IST" duration-ms="40548">
    <groups>
      <group name="regression">
        <method signature="CreateContactTest.doit()[pri:0, instance:com.crm.comcast.contactTest.CreateContactTest@54bff557]" name="doit" class="com.crm.comcast.contactTest.CreateContactTest"/>
      </group> <!-- regression -->
      <group name="smoke">
        <method signature="CreateContactTest.doit()[pri:0, instance:com.crm.comcast.contactTest.CreateContactTest@54bff557]" name="doit" class="com.crm.comcast.contactTest.CreateContactTest"/>
      </group> <!-- smoke -->
    </groups>
    <test started-at="2022-06-14T17:17:17 IST" name="Test" finished-at="2022-06-14T17:17:57 IST" duration-ms="40548">
      <class name="com.crm.comcast.contactTest.CreateContactTest">
        <test-method is-config="true" signature="databaseconnection()[pri:0, instance:com.crm.comcast.contactTest.CreateContactTest@54bff557]" started-at="2022-06-14T17:17:17 IST" name="databaseconnection" finished-at="2022-06-14T17:17:17 IST" duration-ms="10" status="PASS">
          <reporter-output>
          </reporter-output>
        </test-method> <!-- databaseconnection -->
        <test-method is-config="true" signature="executiontype()[pri:0, instance:com.crm.comcast.contactTest.CreateContactTest@54bff557]" started-at="2022-06-14T17:17:17 IST" name="executiontype" finished-at="2022-06-14T17:17:17 IST" duration-ms="0" status="PASS">
          <reporter-output>
          </reporter-output>
        </test-method> <!-- executiontype -->
        <test-method is-config="true" signature="getbrowser()[pri:0, instance:com.crm.comcast.contactTest.CreateContactTest@54bff557]" started-at="2022-06-14T17:17:17 IST" name="getbrowser" finished-at="2022-06-14T17:17:20 IST" duration-ms="3651" status="PASS">
          <reporter-output>
          </reporter-output>
        </test-method> <!-- getbrowser -->
        <test-method is-config="true" signature="applicationlogin()[pri:0, instance:com.crm.comcast.contactTest.CreateContactTest@54bff557]" started-at="2022-06-14T17:17:20 IST" name="applicationlogin" finished-at="2022-06-14T17:17:28 IST" duration-ms="7350" status="PASS">
          <reporter-output>
          </reporter-output>
        </test-method> <!-- applicationlogin -->
        <test-method signature="doit()[pri:0, instance:com.crm.comcast.contactTest.CreateContactTest@54bff557]" started-at="2022-06-14T17:17:28 IST" name="doit" finished-at="2022-06-14T17:17:54 IST" duration-ms="25943" status="FAIL">
          <exception class="java.lang.AssertionError">
            <message>
              <![CDATA[expected [false] but found [true]]]>
            </message>
            <full-stacktrace>
              <![CDATA[java.lang.AssertionError: expected [false] but found [true]
at org.testng.Assert.fail(Assert.java:99)
at org.testng.Assert.failNotEquals(Assert.java:1037)
at org.testng.Assert.assertEqualsImpl(Assert.java:140)
at org.testng.Assert.assertEquals(Assert.java:122)
at org.testng.Assert.assertEquals(Assert.java:819)
at org.testng.Assert.assertEquals(Assert.java:829)
at com.crm.comcast.contactTest.CreateContactTest.doit(CreateContactTest.java:32)
at java.base/jdk.internal.reflect.NativeMethodAccessorImpl.invoke0(Native Method)
at java.base/jdk.internal.reflect.NativeMethodAccessorImpl.invoke(NativeMethodAccessorImpl.java:78)
at java.base/jdk.internal.reflect.DelegatingMethodAccessorImpl.invoke(DelegatingMethodAccessorImpl.java:43)
at java.base/java.lang.reflect.Method.invoke(Method.java:567)
at org.testng.internal.MethodInvocationHelper.invokeMethod(MethodInvocationHelper.java:133)
at org.testng.internal.TestInvoker.invokeMethod(TestInvoker.java:598)
at org.testng.internal.TestInvoker.invokeTestMethod(TestInvoker.java:173)
at org.testng.internal.MethodRunner.runInSequence(MethodRunner.java:46)
at org.testng.internal.TestInvoker$MethodInvocationAgent.invoke(TestInvoker.java:824)
at org.testng.internal.TestInvoker.invokeTestMethods(TestInvoker.java:146)
at org.testng.internal.TestMethodWorker.invokeTestMethods(TestMethodWorker.java:146)
at org.testng.internal.TestMethodWorker.run(TestMethodWorker.java:128)
at java.base/java.util.ArrayList.forEach(ArrayList.java:1511)
at org.testng.TestRunner.privateRun(TestRunner.java:794)
at org.testng.TestRunner.run(TestRunner.java:596)
at org.testng.SuiteRunner.runTest(SuiteRunner.java:377)
at org.testng.SuiteRunner.runSequentially(SuiteRunner.java:371)
at org.testng.SuiteRunner.privateRun(SuiteRunner.java:332)
at org.testng.SuiteRunner.run(SuiteRunner.java:276)
at org.testng.SuiteRunnerWorker.runSuite(SuiteRunnerWorker.java:53)
at org.testng.SuiteRunnerWorker.run(SuiteRunnerWorker.java:96)
at org.testng.TestNG.runSuitesSequentially(TestNG.java:1212)
at org.testng.TestNG.runSuitesLocally(TestNG.java:1134)
at org.testng.TestNG.runSuites(TestNG.java:1063)
at org.testng.TestNG.run(TestNG.java:1031)
at org.testng.remote.AbstractRemoteTestNG.run(AbstractRemoteTestNG.java:115)
at org.testng.remote.RemoteTestNG.initAndRun(RemoteTestNG.java:251)
at org.testng.remote.RemoteTestNG.main(RemoteTestNG.java:77)
]]>
            </full-stacktrace>
          </exception> <!-- java.lang.AssertionError -->
          <reporter-output>
          </reporter-output>
        </test-method> <!-- doit -->
        <test-method is-config="true" signature="logoutapplication()[pri:0, instance:com.crm.comcast.contactTest.CreateContactTest@54bff557]" started-at="2022-06-14T17:17:54 IST" name="logoutapplication" finished-at="2022-06-14T17:17:56 IST" duration-ms="2458" status="PASS">
          <reporter-output>
          </reporter-output>
        </test-method> <!-- logoutapplication -->
        <test-method is-config="true" signature="closebrowser()[pri:0, instance:com.crm.comcast.contactTest.CreateContactTest@54bff557]" started-at="2022-06-14T17:17:56 IST" name="closebrowser" finished-at="2022-06-14T17:17:57 IST" duration-ms="684" status="PASS">
          <reporter-output>
          </reporter-output>
        </test-method> <!-- closebrowser -->
        <test-method is-config="true" signature="executioncompleted()[pri:0, instance:com.crm.comcast.contactTest.CreateContactTest@54bff557]" started-at="2022-06-14T17:17:57 IST" name="executioncompleted" finished-at="2022-06-14T17:17:57 IST" duration-ms="1" status="PASS">
          <reporter-output>
          </reporter-output>
        </test-method> <!-- executioncompleted -->
        <test-method is-config="true" signature="closedatabase()[pri:0, instance:com.crm.comcast.contactTest.CreateContactTest@54bff557]" started-at="2022-06-14T17:17:57 IST" name="closedatabase" finished-at="2022-06-14T17:17:57 IST" duration-ms="0" status="PASS">
          <reporter-output>
          </reporter-output>
        </test-method> <!-- closedatabase -->
      </class> <!-- com.crm.comcast.contactTest.CreateContactTest -->
    </test> <!-- Test -->
  </suite> <!-- Suite -->
</testng-results>
